
=ERROR REPORT==== 2010-04-11 11:06:34 ===
C(<0.191.0>:ejabberd_captcha:331) : The option captcha_cmd is not configured, but some module wants to use the CAPTCHA feature.

=INFO REPORT==== 2010-04-11 11:06:34 ===
I(<0.42.0>:ejabberd_rdbms:37) : ejabberd has not been compiled with relational database support. Skipping database startup.

=INFO REPORT==== 2010-04-11 11:06:37 ===
I(<0.42.0>:ejabberd_app:69) : ejabberd 2.1.3 is started in the node ejabberd@localhost

=INFO REPORT==== 2010-04-11 11:07:34 ===
I(<0.42.0>:ejabberd_app:86) : ejabberd 2.1.3 is stopped in the node ejabberd@localhost

=ERROR REPORT==== 2010-04-11 11:11:51 ===
C(<0.287.0>:ejabberd_captcha:331) : The option captcha_cmd is not configured, but some module wants to use the CAPTCHA feature.

=INFO REPORT==== 2010-04-11 11:11:51 ===
I(<0.40.0>:ejabberd_rdbms:37) : ejabberd has not been compiled with relational database support. Skipping database startup.

=INFO REPORT==== 2010-04-11 11:11:51 ===
I(<0.40.0>:ejabberd_app:69) : ejabberd 2.1.3 is started in the node ejabberd@localhost

=INFO REPORT==== 2010-04-11 11:12:52 ===
I(<0.397.0>:ejabberd_listener:232) : (#Port<0.4232>) Accepted connection {{127,0,0,1},50720} -> {{127,0,0,1},5280}

=INFO REPORT==== 2010-04-11 11:12:52 ===
I(<0.398.0>:ejabberd_http:137) : started: {gen_tcp,#Port<0.4232>}

=INFO REPORT==== 2010-04-11 11:13:02 ===
I(<0.397.0>:ejabberd_listener:232) : (#Port<0.4237>) Accepted connection {{127,0,0,1},50724} -> {{127,0,0,1},5280}

=INFO REPORT==== 2010-04-11 11:13:02 ===
I(<0.399.0>:ejabberd_http:137) : started: {gen_tcp,#Port<0.4237>}

=INFO REPORT==== 2010-04-11 11:13:30 ===
I(<0.397.0>:ejabberd_listener:232) : (#Port<0.4238>) Accepted connection {{127,0,0,1},50726} -> {{127,0,0,1},5280}

=INFO REPORT==== 2010-04-11 11:13:30 ===
I(<0.400.0>:ejabberd_http:137) : started: {gen_tcp,#Port<0.4238>}

=ERROR REPORT==== 2010-04-11 11:16:32 ===
C(<0.250.0>:ejabberd_captcha:331) : The option captcha_cmd is not configured, but some module wants to use the CAPTCHA feature.

=INFO REPORT==== 2010-04-11 11:16:32 ===
I(<0.40.0>:ejabberd_rdbms:37) : ejabberd has not been compiled with relational database support. Skipping database startup.

=INFO REPORT==== 2010-04-11 11:16:33 ===
I(<0.40.0>:ejabberd_app:69) : ejabberd 2.1.3 is started in the node ejabberd@localhost

=INFO REPORT==== 2010-04-11 11:16:45 ===
I(<0.360.0>:ejabberd_listener:232) : (#Port<0.4182>) Accepted connection {{127,0,0,1},50742} -> {{127,0,0,1},5280}

=INFO REPORT==== 2010-04-11 11:16:45 ===
I(<0.361.0>:ejabberd_http:137) : started: {gen_tcp,#Port<0.4182>}

=ERROR REPORT==== 2010-04-11 11:18:17 ===
E(<0.40.0>:gen_mod:95) : {noproc,
                             {gen_server,call,
                                 [ejabberd_mod_http_fileserver_localhost,
                                  stop]}}

=INFO REPORT==== 2010-04-11 11:18:22 ===
I(<0.40.0>:ejabberd_app:86) : ejabberd 2.1.3 is stopped in the node ejabberd@localhost

=ERROR REPORT==== 2010-04-11 11:18:43 ===
C(<0.256.0>:ejabberd_captcha:331) : The option captcha_cmd is not configured, but some module wants to use the CAPTCHA feature.

=INFO REPORT==== 2010-04-11 11:18:43 ===
I(<0.40.0>:ejabberd_rdbms:37) : ejabberd has not been compiled with relational database support. Skipping database startup.

=ERROR REPORT==== 2010-04-11 11:18:43 ===
E(<0.290.0>:mod_http_fileserver:219) : Cannot open access log file: "/var/log/ejabberd/access.log"
Reason: enoent

=INFO REPORT==== 2010-04-11 11:18:43 ===
I(<0.290.0>:mod_http_fileserver:171) : initialize: 
 [{".css","text/css"},
  {".gif","image/gif"},
  {".html","text/html"},
  {".jar","application/java-archive"},
  {".jpeg","image/jpeg"},
  {".jpg","image/jpeg"},
  {".js","text/javascript"},
  {".png","image/png"},
  {".txt","text/plain"},
  {".xpi","application/x-xpinstall"},
  {".xul","application/vnd.mozilla.xul+xml"}]

=INFO REPORT==== 2010-04-11 11:18:43 ===
I(<0.40.0>:ejabberd_app:69) : ejabberd 2.1.3 is started in the node ejabberd@localhost

=INFO REPORT==== 2010-04-11 11:18:49 ===
I(<0.367.0>:ejabberd_listener:232) : (#Port<0.4186>) Accepted connection {{127,0,0,1},50752} -> {{127,0,0,1},5280}

=INFO REPORT==== 2010-04-11 11:18:49 ===
I(<0.368.0>:ejabberd_http:137) : started: {gen_tcp,#Port<0.4186>}

=ERROR REPORT==== 2010-04-11 11:19:54 ===
C(<0.256.0>:ejabberd_captcha:331) : The option captcha_cmd is not configured, but some module wants to use the CAPTCHA feature.

=INFO REPORT==== 2010-04-11 11:19:54 ===
I(<0.40.0>:ejabberd_rdbms:37) : ejabberd has not been compiled with relational database support. Skipping database startup.

=ERROR REPORT==== 2010-04-11 11:19:54 ===
E(<0.290.0>:mod_http_fileserver:219) : Cannot open access log file: "/var/log/ejabberd/access.log"
Reason: enoent

=INFO REPORT==== 2010-04-11 11:19:54 ===
I(<0.290.0>:mod_http_fileserver:171) : initialize: 
 [{".css","text/css"},
  {".gif","image/gif"},
  {".html","text/html"},
  {".jar","application/java-archive"},
  {".jpeg","image/jpeg"},
  {".jpg","image/jpeg"},
  {".js","text/javascript"},
  {".png","image/png"},
  {".txt","text/plain"},
  {".xpi","application/x-xpinstall"},
  {".xul","application/vnd.mozilla.xul+xml"}]

=INFO REPORT==== 2010-04-11 11:19:55 ===
I(<0.40.0>:ejabberd_app:69) : ejabberd 2.1.3 is started in the node ejabberd@localhost

=INFO REPORT==== 2010-04-11 11:19:59 ===
I(<0.367.0>:ejabberd_listener:232) : (#Port<0.4186>) Accepted connection {{127,0,0,1},50756} -> {{127,0,0,1},5280}

=INFO REPORT==== 2010-04-11 11:19:59 ===
I(<0.368.0>:ejabberd_http:137) : started: {gen_tcp,#Port<0.4186>}

=ERROR REPORT==== 2010-04-11 11:22:17 ===
C(<0.256.0>:ejabberd_captcha:331) : The option captcha_cmd is not configured, but some module wants to use the CAPTCHA feature.

=INFO REPORT==== 2010-04-11 11:22:17 ===
I(<0.40.0>:ejabberd_rdbms:37) : ejabberd has not been compiled with relational database support. Skipping database startup.

=INFO REPORT==== 2010-04-11 11:22:17 ===
I(<0.290.0>:mod_http_fileserver:171) : initialize: 
 [{".css","text/css"},
  {".gif","image/gif"},
  {".html","text/html"},
  {".jar","application/java-archive"},
  {".jpeg","image/jpeg"},
  {".jpg","image/jpeg"},
  {".js","text/javascript"},
  {".png","image/png"},
  {".txt","text/plain"},
  {".xpi","application/x-xpinstall"},
  {".xul","application/vnd.mozilla.xul+xml"}]

=INFO REPORT==== 2010-04-11 11:22:17 ===
I(<0.40.0>:ejabberd_app:69) : ejabberd 2.1.3 is started in the node ejabberd@localhost

=INFO REPORT==== 2010-04-11 11:22:19 ===
I(<0.367.0>:ejabberd_listener:232) : (#Port<0.4186>) Accepted connection {{127,0,0,1},50765} -> {{127,0,0,1},5280}

=INFO REPORT==== 2010-04-11 11:22:19 ===
I(<0.368.0>:ejabberd_http:137) : started: {gen_tcp,#Port<0.4186>}

=INFO REPORT==== 2010-04-11 11:35:37 ===
I(<0.367.0>:ejabberd_listener:232) : (#Port<0.4207>) Accepted connection {{127,0,0,1},50858} -> {{127,0,0,1},5280}

=INFO REPORT==== 2010-04-11 11:35:37 ===
I(<0.383.0>:ejabberd_http:137) : started: {gen_tcp,#Port<0.4207>}

=INFO REPORT==== 2010-04-11 11:38:21 ===
I(<0.367.0>:ejabberd_listener:232) : (#Port<0.4251>) Accepted connection {{127,0,0,1},50867} -> {{127,0,0,1},5280}

=INFO REPORT==== 2010-04-11 11:38:21 ===
I(<0.385.0>:ejabberd_http:137) : started: {gen_tcp,#Port<0.4251>}

=ERROR REPORT==== 2010-04-11 11:47:51 ===
C(<0.250.0>:ejabberd_captcha:331) : The option captcha_cmd is not configured, but some module wants to use the CAPTCHA feature.

=INFO REPORT==== 2010-04-11 11:47:51 ===
I(<0.40.0>:ejabberd_rdbms:37) : ejabberd has not been compiled with relational database support. Skipping database startup.

=INFO REPORT==== 2010-04-11 11:47:51 ===
I(<0.284.0>:mod_http_fileserver:171) : initialize: 
 [{".css","text/css"},
  {".gif","image/gif"},
  {".html","text/html"},
  {".jar","application/java-archive"},
  {".jpeg","image/jpeg"},
  {".jpg","image/jpeg"},
  {".js","text/javascript"},
  {".png","image/png"},
  {".txt","text/plain"},
  {".xpi","application/x-xpinstall"},
  {".xul","application/vnd.mozilla.xul+xml"}]

=INFO REPORT==== 2010-04-11 11:47:51 ===
I(<0.40.0>:ejabberd_app:69) : ejabberd 2.1.3 is started in the node ejabberd@localhost

=INFO REPORT==== 2010-04-11 11:50:40 ===
I(<0.40.0>:ejabberd_app:86) : ejabberd 2.1.3 is stopped in the node ejabberd@localhost

=ERROR REPORT==== 2010-04-11 11:50:47 ===
C(<0.262.0>:ejabberd_captcha:331) : The option captcha_cmd is not configured, but some module wants to use the CAPTCHA feature.

=INFO REPORT==== 2010-04-11 11:50:47 ===
I(<0.40.0>:ejabberd_rdbms:37) : ejabberd has not been compiled with relational database support. Skipping database startup.

=INFO REPORT==== 2010-04-11 11:50:47 ===
I(<0.296.0>:mod_http_fileserver:171) : initialize: 
 [{".css","text/css"},
  {".gif","image/gif"},
  {".html","text/html"},
  {".jar","application/java-archive"},
  {".jpeg","image/jpeg"},
  {".jpg","image/jpeg"},
  {".js","text/javascript"},
  {".png","image/png"},
  {".txt","text/plain"},
  {".xpi","application/x-xpinstall"},
  {".xul","application/vnd.mozilla.xul+xml"}]

=INFO REPORT==== 2010-04-11 11:50:47 ===
I(<0.40.0>:ejabberd_app:69) : ejabberd 2.1.3 is started in the node ejabberd@localhost

=INFO REPORT==== 2010-04-11 11:50:51 ===
I(<0.373.0>:ejabberd_listener:232) : (#Port<0.4192>) Accepted connection {{127,0,0,1},50953} -> {{127,0,0,1},5280}

=INFO REPORT==== 2010-04-11 11:50:51 ===
I(<0.374.0>:ejabberd_http:137) : started: {gen_tcp,#Port<0.4192>}

=INFO REPORT==== 2010-04-11 11:50:57 ===
I(<0.373.0>:ejabberd_listener:232) : (#Port<0.4199>) Accepted connection {{127,0,0,1},50956} -> {{127,0,0,1},5280}

=INFO REPORT==== 2010-04-11 11:50:57 ===
I(<0.375.0>:ejabberd_http:137) : started: {gen_tcp,#Port<0.4199>}

=INFO REPORT==== 2010-04-11 12:39:14 ===
I(<0.373.0>:ejabberd_listener:232) : (#Port<0.4216>) Accepted connection {{127,0,0,1},51098} -> {{127,0,0,1},5280}

=INFO REPORT==== 2010-04-11 12:39:14 ===
I(<0.402.0>:ejabberd_http:137) : started: {gen_tcp,#Port<0.4216>}

=INFO REPORT==== 2010-04-11 12:43:39 ===
I(<0.40.0>:ejabberd_app:86) : ejabberd 2.1.3 is stopped in the node ejabberd@localhost

=ERROR REPORT==== 2010-04-11 12:43:48 ===
E(<0.40.0>:ejabberd_config:187) : The following lines from your configuration file might be relevant to the error: 
364: 
365: %%
366: %% Blocked users
367: %%
368: %%{acl, blocked, {user, "baduser", "example.org"}}.
369: %%{acl, blocked, {user, "test"}}.
370: 
371: %%
372: %% Local users: don't modify this line.
373: %%
374: {acl, local, {user_regexp, ""}}.
375: 
376: %%
377: %% More examples of ACLs


=ERROR REPORT==== 2010-04-11 12:43:48 ===
E(<0.40.0>:ejabberd_config:106) : Problem loading ejabberd config file /Users/t4/Library/Erlang/ejabberd/etc/ejabberd/ejabberd.cfg approximately in the line 374: syntax error before: '{'

=ERROR REPORT==== 2010-04-11 12:44:39 ===
C(<0.238.0>:ejabberd_captcha:331) : The option captcha_cmd is not configured, but some module wants to use the CAPTCHA feature.

=INFO REPORT==== 2010-04-11 12:44:39 ===
I(<0.40.0>:ejabberd_rdbms:37) : ejabberd has not been compiled with relational database support. Skipping database startup.

=INFO REPORT==== 2010-04-11 12:44:39 ===
I(<0.274.0>:mod_http_fileserver:171) : initialize: 
 [{".css","text/css"},
  {".gif","image/gif"},
  {".html","text/html"},
  {".jar","application/java-archive"},
  {".jpeg","image/jpeg"},
  {".jpg","image/jpeg"},
  {".js","text/javascript"},
  {".png","image/png"},
  {".txt","text/plain"},
  {".xpi","application/x-xpinstall"},
  {".xul","application/vnd.mozilla.xul+xml"}]

=INFO REPORT==== 2010-04-11 12:44:39 ===
I(<0.365.0>:mod_http_fileserver:171) : initialize: 
 [{".css","text/css"},
  {".gif","image/gif"},
  {".html","text/html"},
  {".jar","application/java-archive"},
  {".jpeg","image/jpeg"},
  {".jpg","image/jpeg"},
  {".js","text/javascript"},
  {".png","image/png"},
  {".txt","text/plain"},
  {".xpi","application/x-xpinstall"},
  {".xul","application/vnd.mozilla.xul+xml"}]

=INFO REPORT==== 2010-04-11 12:44:39 ===
I(<0.40.0>:ejabberd_app:69) : ejabberd 2.1.3 is started in the node ejabberd@localhost

=INFO REPORT==== 2010-04-11 12:45:18 ===
I(<0.442.0>:ejabberd_listener:232) : (#Port<0.4250>) Accepted connection {{127,0,0,1},51119} -> {{127,0,0,1},5280}

=INFO REPORT==== 2010-04-11 12:45:18 ===
I(<0.449.0>:ejabberd_http:137) : started: {gen_tcp,#Port<0.4250>}

=ERROR REPORT==== 2010-04-11 14:25:58 ===
Mnesia(ejabberd@localhost): ** WARNING ** Mnesia is overloaded: {dump_log,
                                                                 time_threshold}

=ERROR REPORT==== 2010-04-11 14:25:58 ===
Mnesia(ejabberd@localhost): ** WARNING ** Mnesia is overloaded: {dump_log,
                                                                 time_threshold}

=ERROR REPORT==== 2010-04-11 14:25:58 ===
Mnesia(ejabberd@localhost): ** WARNING ** Mnesia is overloaded: {dump_log,
                                                                 time_threshold}

=ERROR REPORT==== 2010-04-11 14:25:58 ===
Mnesia(ejabberd@localhost): ** WARNING ** Mnesia is overloaded: {dump_log,
                                                                 time_threshold}

=ERROR REPORT==== 2010-04-11 14:25:58 ===
Mnesia(ejabberd@localhost): ** WARNING ** Mnesia is overloaded: {dump_log,
                                                                 time_threshold}

=ERROR REPORT==== 2010-04-11 14:25:58 ===
Mnesia(ejabberd@localhost): ** WARNING ** Mnesia is overloaded: {dump_log,
                                                                 time_threshold}

=ERROR REPORT==== 2010-04-11 14:25:58 ===
Mnesia(ejabberd@localhost): ** WARNING ** Mnesia is overloaded: {dump_log,
                                                                 time_threshold}

=ERROR REPORT==== 2010-04-11 14:25:58 ===
Mnesia(ejabberd@localhost): ** WARNING ** Mnesia is overloaded: {dump_log,
                                                                 time_threshold}

=ERROR REPORT==== 2010-04-11 14:25:58 ===
Mnesia(ejabberd@localhost): ** WARNING ** Mnesia is overloaded: {dump_log,
                                                                 time_threshold}

=ERROR REPORT==== 2010-04-11 14:25:58 ===
Mnesia(ejabberd@localhost): ** WARNING ** Mnesia is overloaded: {dump_log,
                                                                 time_threshold}

=ERROR REPORT==== 2010-04-11 14:25:58 ===
Mnesia(ejabberd@localhost): ** WARNING ** Mnesia is overloaded: {dump_log,
                                                                 time_threshold}

=ERROR REPORT==== 2010-04-11 14:25:58 ===
Mnesia(ejabberd@localhost): ** WARNING ** Mnesia is overloaded: {dump_log,
                                                                 time_threshold}

=ERROR REPORT==== 2010-04-11 20:29:56 ===
Mnesia(ejabberd@localhost): ** WARNING ** Mnesia is overloaded: {dump_log,
                                                                 time_threshold}

=ERROR REPORT==== 2010-04-11 20:29:56 ===
Mnesia(ejabberd@localhost): ** WARNING ** Mnesia is overloaded: {dump_log,
                                                                 time_threshold}

=ERROR REPORT==== 2010-04-11 20:29:56 ===
Mnesia(ejabberd@localhost): ** WARNING ** Mnesia is overloaded: {dump_log,
                                                                 time_threshold}

=ERROR REPORT==== 2010-04-11 20:29:56 ===
Mnesia(ejabberd@localhost): ** WARNING ** Mnesia is overloaded: {dump_log,
                                                                 time_threshold}

=ERROR REPORT==== 2010-04-11 20:29:56 ===
Mnesia(ejabberd@localhost): ** WARNING ** Mnesia is overloaded: {dump_log,
                                                                 time_threshold}

=ERROR REPORT==== 2010-04-11 20:29:56 ===
Mnesia(ejabberd@localhost): ** WARNING ** Mnesia is overloaded: {dump_log,
                                                                 time_threshold}

=ERROR REPORT==== 2010-04-11 20:29:56 ===
Mnesia(ejabberd@localhost): ** WARNING ** Mnesia is overloaded: {dump_log,
                                                                 time_threshold}

=ERROR REPORT==== 2010-04-11 20:29:56 ===
Mnesia(ejabberd@localhost): ** WARNING ** Mnesia is overloaded: {dump_log,
                                                                 time_threshold}

=ERROR REPORT==== 2010-04-11 20:29:56 ===
Mnesia(ejabberd@localhost): ** WARNING ** Mnesia is overloaded: {dump_log,
                                                                 time_threshold}

=ERROR REPORT==== 2010-04-11 20:29:58 ===
Mnesia(ejabberd@localhost): ** WARNING ** Mnesia is overloaded: {dump_log,
                                                                 time_threshold}

=ERROR REPORT==== 2010-04-11 20:29:58 ===
Mnesia(ejabberd@localhost): ** WARNING ** Mnesia is overloaded: {dump_log,
                                                                 time_threshold}

=ERROR REPORT==== 2010-04-11 20:29:58 ===
Mnesia(ejabberd@localhost): ** WARNING ** Mnesia is overloaded: {dump_log,
                                                                 time_threshold}

=ERROR REPORT==== 2010-04-11 20:29:58 ===
Mnesia(ejabberd@localhost): ** WARNING ** Mnesia is overloaded: {dump_log,
                                                                 time_threshold}

=ERROR REPORT==== 2010-04-11 20:29:58 ===
Mnesia(ejabberd@localhost): ** WARNING ** Mnesia is overloaded: {dump_log,
                                                                 time_threshold}

=ERROR REPORT==== 2010-04-11 20:29:58 ===
Mnesia(ejabberd@localhost): ** WARNING ** Mnesia is overloaded: {dump_log,
                                                                 time_threshold}

=ERROR REPORT==== 2010-04-11 20:29:58 ===
Mnesia(ejabberd@localhost): ** WARNING ** Mnesia is overloaded: {dump_log,
                                                                 time_threshold}

=ERROR REPORT==== 2010-04-11 20:29:58 ===
Mnesia(ejabberd@localhost): ** WARNING ** Mnesia is overloaded: {dump_log,
                                                                 time_threshold}

=ERROR REPORT==== 2010-04-11 20:29:58 ===
Mnesia(ejabberd@localhost): ** WARNING ** Mnesia is overloaded: {dump_log,
                                                                 time_threshold}

=ERROR REPORT==== 2010-04-11 20:29:58 ===
Mnesia(ejabberd@localhost): ** WARNING ** Mnesia is overloaded: {dump_log,
                                                                 time_threshold}

=ERROR REPORT==== 2010-04-11 20:29:58 ===
Mnesia(ejabberd@localhost): ** WARNING ** Mnesia is overloaded: {dump_log,
                                                                 time_threshold}

=ERROR REPORT==== 2010-04-11 20:29:58 ===
Mnesia(ejabberd@localhost): ** WARNING ** Mnesia is overloaded: {dump_log,
                                                                 time_threshold}

=ERROR REPORT==== 2010-04-11 20:29:58 ===
Mnesia(ejabberd@localhost): ** WARNING ** Mnesia is overloaded: {dump_log,
                                                                 time_threshold}

=ERROR REPORT==== 2010-04-11 20:29:58 ===
Mnesia(ejabberd@localhost): ** WARNING ** Mnesia is overloaded: {dump_log,
                                                                 time_threshold}

=ERROR REPORT==== 2010-04-11 20:29:58 ===
Mnesia(ejabberd@localhost): ** WARNING ** Mnesia is overloaded: {dump_log,
                                                                 time_threshold}

=ERROR REPORT==== 2010-04-11 20:29:58 ===
Mnesia(ejabberd@localhost): ** WARNING ** Mnesia is overloaded: {dump_log,
                                                                 time_threshold}

=ERROR REPORT==== 2010-04-11 20:29:58 ===
Mnesia(ejabberd@localhost): ** WARNING ** Mnesia is overloaded: {dump_log,
                                                                 time_threshold}

=ERROR REPORT==== 2010-04-11 20:29:58 ===
Mnesia(ejabberd@localhost): ** WARNING ** Mnesia is overloaded: {dump_log,
                                                                 time_threshold}

=ERROR REPORT==== 2010-04-11 20:29:58 ===
Mnesia(ejabberd@localhost): ** WARNING ** Mnesia is overloaded: {dump_log,
                                                                 time_threshold}

=ERROR REPORT==== 2010-04-11 20:29:58 ===
Mnesia(ejabberd@localhost): ** WARNING ** Mnesia is overloaded: {dump_log,
                                                                 time_threshold}

=ERROR REPORT==== 2010-04-11 20:29:58 ===
Mnesia(ejabberd@localhost): ** WARNING ** Mnesia is overloaded: {dump_log,
                                                                 time_threshold}

=ERROR REPORT==== 2010-04-11 20:29:58 ===
Mnesia(ejabberd@localhost): ** WARNING ** Mnesia is overloaded: {dump_log,
                                                                 time_threshold}

=ERROR REPORT==== 2010-04-11 20:29:58 ===
Mnesia(ejabberd@localhost): ** WARNING ** Mnesia is overloaded: {dump_log,
                                                                 time_threshold}

=ERROR REPORT==== 2010-04-11 20:29:58 ===
Mnesia(ejabberd@localhost): ** WARNING ** Mnesia is overloaded: {dump_log,
                                                                 time_threshold}

=ERROR REPORT==== 2010-04-11 20:29:58 ===
Mnesia(ejabberd@localhost): ** WARNING ** Mnesia is overloaded: {dump_log,
                                                                 time_threshold}

=ERROR REPORT==== 2010-04-11 20:29:58 ===
Mnesia(ejabberd@localhost): ** WARNING ** Mnesia is overloaded: {dump_log,
                                                                 time_threshold}

=ERROR REPORT==== 2010-04-11 20:29:58 ===
Mnesia(ejabberd@localhost): ** WARNING ** Mnesia is overloaded: {dump_log,
                                                                 time_threshold}

=ERROR REPORT==== 2010-04-11 20:29:58 ===
Mnesia(ejabberd@localhost): ** WARNING ** Mnesia is overloaded: {dump_log,
                                                                 time_threshold}

=ERROR REPORT==== 2010-04-11 20:29:58 ===
Mnesia(ejabberd@localhost): ** WARNING ** Mnesia is overloaded: {dump_log,
                                                                 time_threshold}

=ERROR REPORT==== 2010-04-11 20:29:58 ===
Mnesia(ejabberd@localhost): ** WARNING ** Mnesia is overloaded: {dump_log,
                                                                 time_threshold}

=ERROR REPORT==== 2010-04-11 20:29:58 ===
Mnesia(ejabberd@localhost): ** WARNING ** Mnesia is overloaded: {dump_log,
                                                                 time_threshold}

=ERROR REPORT==== 2010-04-11 20:29:58 ===
Mnesia(ejabberd@localhost): ** WARNING ** Mnesia is overloaded: {dump_log,
                                                                 time_threshold}

=ERROR REPORT==== 2010-04-11 20:29:58 ===
Mnesia(ejabberd@localhost): ** WARNING ** Mnesia is overloaded: {dump_log,
                                                                 time_threshold}

=ERROR REPORT==== 2010-04-11 20:29:58 ===
Mnesia(ejabberd@localhost): ** WARNING ** Mnesia is overloaded: {dump_log,
                                                                 time_threshold}

=ERROR REPORT==== 2010-04-11 20:29:58 ===
Mnesia(ejabberd@localhost): ** WARNING ** Mnesia is overloaded: {dump_log,
                                                                 time_threshold}

=ERROR REPORT==== 2010-04-11 20:29:58 ===
Mnesia(ejabberd@localhost): ** WARNING ** Mnesia is overloaded: {dump_log,
                                                                 time_threshold}

=ERROR REPORT==== 2010-04-11 20:29:58 ===
Mnesia(ejabberd@localhost): ** WARNING ** Mnesia is overloaded: {dump_log,
                                                                 time_threshold}

=ERROR REPORT==== 2010-04-11 20:29:58 ===
Mnesia(ejabberd@localhost): ** WARNING ** Mnesia is overloaded: {dump_log,
                                                                 time_threshold}

=ERROR REPORT==== 2010-04-11 20:29:58 ===
Mnesia(ejabberd@localhost): ** WARNING ** Mnesia is overloaded: {dump_log,
                                                                 time_threshold}

=ERROR REPORT==== 2010-04-11 20:29:58 ===
Mnesia(ejabberd@localhost): ** WARNING ** Mnesia is overloaded: {dump_log,
                                                                 time_threshold}

=ERROR REPORT==== 2010-04-11 20:29:58 ===
Mnesia(ejabberd@localhost): ** WARNING ** Mnesia is overloaded: {dump_log,
                                                                 time_threshold}

=ERROR REPORT==== 2010-04-11 20:29:58 ===
Mnesia(ejabberd@localhost): ** WARNING ** Mnesia is overloaded: {dump_log,
                                                                 time_threshold}

=ERROR REPORT==== 2010-04-11 20:29:58 ===
Mnesia(ejabberd@localhost): ** WARNING ** Mnesia is overloaded: {dump_log,
                                                                 time_threshold}

=ERROR REPORT==== 2010-04-11 20:29:58 ===
Mnesia(ejabberd@localhost): ** WARNING ** Mnesia is overloaded: {dump_log,
                                                                 time_threshold}

=ERROR REPORT==== 2010-04-11 20:29:58 ===
Mnesia(ejabberd@localhost): ** WARNING ** Mnesia is overloaded: {dump_log,
                                                                 time_threshold}

=ERROR REPORT==== 2010-04-11 20:29:58 ===
Mnesia(ejabberd@localhost): ** WARNING ** Mnesia is overloaded: {dump_log,
                                                                 time_threshold}

=ERROR REPORT==== 2010-04-11 20:29:58 ===
Mnesia(ejabberd@localhost): ** WARNING ** Mnesia is overloaded: {dump_log,
                                                                 time_threshold}

=ERROR REPORT==== 2010-04-11 20:29:58 ===
Mnesia(ejabberd@localhost): ** WARNING ** Mnesia is overloaded: {dump_log,
                                                                 time_threshold}

=ERROR REPORT==== 2010-04-11 20:29:58 ===
Mnesia(ejabberd@localhost): ** WARNING ** Mnesia is overloaded: {dump_log,
                                                                 time_threshold}

=ERROR REPORT==== 2010-04-11 20:29:58 ===
Mnesia(ejabberd@localhost): ** WARNING ** Mnesia is overloaded: {dump_log,
                                                                 time_threshold}

=ERROR REPORT==== 2010-04-11 20:29:58 ===
Mnesia(ejabberd@localhost): ** WARNING ** Mnesia is overloaded: {dump_log,
                                                                 time_threshold}

=ERROR REPORT==== 2010-04-11 20:29:58 ===
Mnesia(ejabberd@localhost): ** WARNING ** Mnesia is overloaded: {dump_log,
                                                                 time_threshold}

=ERROR REPORT==== 2010-04-11 20:29:58 ===
Mnesia(ejabberd@localhost): ** WARNING ** Mnesia is overloaded: {dump_log,
                                                                 time_threshold}

=ERROR REPORT==== 2010-04-11 20:29:58 ===
Mnesia(ejabberd@localhost): ** WARNING ** Mnesia is overloaded: {dump_log,
                                                                 time_threshold}

=ERROR REPORT==== 2010-04-11 20:29:58 ===
Mnesia(ejabberd@localhost): ** WARNING ** Mnesia is overloaded: {dump_log,
                                                                 time_threshold}

=ERROR REPORT==== 2010-04-11 20:29:58 ===
Mnesia(ejabberd@localhost): ** WARNING ** Mnesia is overloaded: {dump_log,
                                                                 time_threshold}

=ERROR REPORT==== 2010-04-11 20:29:58 ===
Mnesia(ejabberd@localhost): ** WARNING ** Mnesia is overloaded: {dump_log,
                                                                 time_threshold}

=ERROR REPORT==== 2010-04-11 20:29:58 ===
Mnesia(ejabberd@localhost): ** WARNING ** Mnesia is overloaded: {dump_log,
                                                                 time_threshold}

=INFO REPORT==== 2010-04-11 20:35:36 ===
I(<0.442.0>:ejabberd_listener:232) : (#Port<0.4394>) Accepted connection {{127,0,0,1},51940} -> {{127,0,0,1},5280}

=INFO REPORT==== 2010-04-11 20:35:36 ===
I(<0.625.0>:ejabberd_http:137) : started: {gen_tcp,#Port<0.4394>}

=INFO REPORT==== 2010-04-11 20:36:15 ===
I(<0.625.0>:ejabberd_update:87) : beam files: []


=INFO REPORT==== 2010-04-11 20:36:15 ===
I(<0.625.0>:ejabberd_update:127) : script: []


=INFO REPORT==== 2010-04-11 20:36:15 ===
I(<0.625.0>:ejabberd_update:129) : low level script: [point_of_no_return]


=INFO REPORT==== 2010-04-11 20:36:15 ===
I(<0.625.0>:ejabberd_update:134) : check: ok


=INFO REPORT==== 2010-04-11 21:53:59 ===
I(<0.40.0>:ejabberd_app:86) : ejabberd 2.1.3 is stopped in the node ejabberd@localhost

=ERROR REPORT==== 2010-04-11 22:33:58 ===
C(<0.266.0>:ejabberd_captcha:331) : The option captcha_cmd is not configured, but some module wants to use the CAPTCHA feature.

=INFO REPORT==== 2010-04-11 22:33:58 ===
I(<0.40.0>:ejabberd_rdbms:37) : ejabberd has not been compiled with relational database support. Skipping database startup.

=INFO REPORT==== 2010-04-11 22:33:58 ===
I(<0.302.0>:mod_http_fileserver:171) : initialize: 
 [{".css","text/css"},
  {".gif","image/gif"},
  {".html","text/html"},
  {".jar","application/java-archive"},
  {".jpeg","image/jpeg"},
  {".jpg","image/jpeg"},
  {".js","text/javascript"},
  {".png","image/png"},
  {".txt","text/plain"},
  {".xpi","application/x-xpinstall"},
  {".xul","application/vnd.mozilla.xul+xml"}]

=INFO REPORT==== 2010-04-11 22:33:58 ===
I(<0.393.0>:mod_http_fileserver:171) : initialize: 
 [{".css","text/css"},
  {".gif","image/gif"},
  {".html","text/html"},
  {".jar","application/java-archive"},
  {".jpeg","image/jpeg"},
  {".jpg","image/jpeg"},
  {".js","text/javascript"},
  {".png","image/png"},
  {".txt","text/plain"},
  {".xpi","application/x-xpinstall"},
  {".xul","application/vnd.mozilla.xul+xml"}]

=INFO REPORT==== 2010-04-11 22:33:59 ===
I(<0.40.0>:ejabberd_app:69) : ejabberd 2.1.3 is started in the node ejabberd@localhost

=INFO REPORT==== 2010-04-11 22:34:07 ===
I(<0.470.0>:ejabberd_listener:232) : (#Port<0.4325>) Accepted connection {{127,0,0,1},52314} -> {{127,0,0,1},5280}

=INFO REPORT==== 2010-04-11 22:34:07 ===
I(<0.471.0>:ejabberd_http:137) : started: {gen_tcp,#Port<0.4325>}

=ERROR REPORT==== 2010-04-11 22:41:45 ===
C(<0.256.0>:ejabberd_captcha:331) : The option captcha_cmd is not configured, but some module wants to use the CAPTCHA feature.

=INFO REPORT==== 2010-04-11 22:41:45 ===
I(<0.40.0>:ejabberd_rdbms:37) : ejabberd has not been compiled with relational database support. Skipping database startup.

=INFO REPORT==== 2010-04-11 22:41:45 ===
I(<0.292.0>:mod_http_fileserver:171) : initialize: 
 [{".css","text/css"},
  {".gif","image/gif"},
  {".html","text/html"},
  {".jar","application/java-archive"},
  {".jpeg","image/jpeg"},
  {".jpg","image/jpeg"},
  {".js","text/javascript"},
  {".png","image/png"},
  {".txt","text/plain"},
  {".xpi","application/x-xpinstall"},
  {".xul","application/vnd.mozilla.xul+xml"}]

=INFO REPORT==== 2010-04-11 22:41:45 ===
I(<0.383.0>:mod_http_fileserver:171) : initialize: 
 [{".css","text/css"},
  {".gif","image/gif"},
  {".html","text/html"},
  {".jar","application/java-archive"},
  {".jpeg","image/jpeg"},
  {".jpg","image/jpeg"},
  {".js","text/javascript"},
  {".png","image/png"},
  {".txt","text/plain"},
  {".xpi","application/x-xpinstall"},
  {".xul","application/vnd.mozilla.xul+xml"}]

=INFO REPORT==== 2010-04-11 22:41:45 ===
I(<0.40.0>:ejabberd_app:69) : ejabberd 2.1.3 is started in the node ejabberd@localhost

=INFO REPORT==== 2010-04-11 22:54:03 ===
I(<0.40.0>:ejabberd_app:86) : ejabberd 2.1.3 is stopped in the node ejabberd@localhost

=ERROR REPORT==== 2010-04-11 22:59:19 ===
C(<0.250.0>:ejabberd_captcha:331) : The option captcha_cmd is not configured, but some module wants to use the CAPTCHA feature.

=INFO REPORT==== 2010-04-11 22:59:19 ===
I(<0.40.0>:ejabberd_rdbms:37) : ejabberd has not been compiled with relational database support. Skipping database startup.

=INFO REPORT==== 2010-04-11 22:59:19 ===
I(<0.286.0>:mod_http_fileserver:171) : initialize: 
 [{".css","text/css"},
  {".gif","image/gif"},
  {".html","text/html"},
  {".jar","application/java-archive"},
  {".jpeg","image/jpeg"},
  {".jpg","image/jpeg"},
  {".js","text/javascript"},
  {".png","image/png"},
  {".txt","text/plain"},
  {".xpi","application/x-xpinstall"},
  {".xul","application/vnd.mozilla.xul+xml"}]

=INFO REPORT==== 2010-04-11 22:59:19 ===
I(<0.377.0>:mod_http_fileserver:171) : initialize: 
 [{".css","text/css"},
  {".gif","image/gif"},
  {".html","text/html"},
  {".jar","application/java-archive"},
  {".jpeg","image/jpeg"},
  {".jpg","image/jpeg"},
  {".js","text/javascript"},
  {".png","image/png"},
  {".txt","text/plain"},
  {".xpi","application/x-xpinstall"},
  {".xul","application/vnd.mozilla.xul+xml"}]

=INFO REPORT==== 2010-04-11 22:59:19 ===
I(<0.40.0>:ejabberd_app:69) : ejabberd 2.1.3 is started in the node ejabberd@localhost

=INFO REPORT==== 2010-04-11 22:59:25 ===
I(<0.40.0>:ejabberd_app:86) : ejabberd 2.1.3 is stopped in the node ejabberd@localhost

=ERROR REPORT==== 2010-04-11 23:03:19 ===
C(<0.256.0>:ejabberd_captcha:331) : The option captcha_cmd is not configured, but some module wants to use the CAPTCHA feature.

=INFO REPORT==== 2010-04-11 23:03:19 ===
I(<0.40.0>:ejabberd_rdbms:37) : ejabberd has not been compiled with relational database support. Skipping database startup.

=INFO REPORT==== 2010-04-11 23:03:19 ===
I(<0.292.0>:mod_http_fileserver:171) : initialize: 
 [{".css","text/css"},
  {".gif","image/gif"},
  {".html","text/html"},
  {".jar","application/java-archive"},
  {".jpeg","image/jpeg"},
  {".jpg","image/jpeg"},
  {".js","text/javascript"},
  {".png","image/png"},
  {".txt","text/plain"},
  {".xpi","application/x-xpinstall"},
  {".xul","application/vnd.mozilla.xul+xml"}]

=INFO REPORT==== 2010-04-11 23:03:19 ===
I(<0.383.0>:mod_http_fileserver:171) : initialize: 
 [{".css","text/css"},
  {".gif","image/gif"},
  {".html","text/html"},
  {".jar","application/java-archive"},
  {".jpeg","image/jpeg"},
  {".jpg","image/jpeg"},
  {".js","text/javascript"},
  {".png","image/png"},
  {".txt","text/plain"},
  {".xpi","application/x-xpinstall"},
  {".xul","application/vnd.mozilla.xul+xml"}]

=INFO REPORT==== 2010-04-11 23:03:19 ===
I(<0.40.0>:ejabberd_app:69) : ejabberd 2.1.3 is started in the node ejabberd@localhost

=INFO REPORT==== 2010-04-11 23:12:30 ===
I(<0.40.0>:ejabberd_app:86) : ejabberd 2.1.3 is stopped in the node ejabberd@localhost
